Arguments: 
  C:\Program Files\nodejs\node.exe C:\Users\Chandramauli\AppData\Roaming\npm\node_modules\yarn\bin\yarn.js

PATH: 
  C:\Users\Chandramauli\bin;C:\Program Files\Git\mingw64\bin;C:\Program Files\Git\usr\local\bin;C:\Program Files\Git\usr\bin;C:\Program Files\Git\usr\bin;C:\Program Files\Git\cmd;C:\Program Files\MinGW\bin;C:\windows\system32;C:\windows;C:\windows\System32\Wbem;C:\windows\System32\WindowsPowerShell\v1.0;C:\windows\System32\OpenSSH;C:\Program Files (x86)\NVIDIA Corporation\PhysX\Common;C:\Program Files\NVIDIA Corporation\NVIDIA NvDLISR;C:\src\flutter\bin;C:\Program Files\Java\jdk-14.0.1\bin;C:\WINDOWS\system32;C:\WINDOWS;C:\WINDOWS\System32\Wbem;C:\WINDOWS\System32\WindowsPowerShell\v1.0;C:\WINDOWS\System32\OpenSSH;C:\Program Files\Git\cmd;C:\Program Files\nodejs;C:\Program Files\MySQL\MySQL Shell 8.0\bin;C:\Users\Chandramauli\AppData\Local\Programs\Python\Python39\Scripts;C:\Users\Chandramauli\AppData\Local\Programs\Python\Python39;C:\Users\Chandramauli\AppData\Local\Microsoft\WindowsApps;C:\Program Files\Java\jdk-14.0.1\bin;C:\Users\Chandramauli\AppData\Local\atom\bin;C:\Users\Chandramauli\AppData\Local\Programs\Microsoft VS Code\bin;C:\Program Files\JetBrains\IntelliJ IDEA Community Edition 2021.1\bin;C:\Users\Chandramauli\AppData\Local\hyper\app-3.0.2\resources\bin;C:\Users\Chandramauli\AppData\Roaming\npm;C:\Program Files\heroku\bin;C:\tools\platform-tools_r31.0.3-windows (2)\platform-tools;C:\Users\Chandramauli\AppData\Local\Microsoft\WindowsApps;C:\Program Files\Git\usr\bin\vendor_perl;C:\Program Files\Git\usr\bin\core_perl

Yarn version: 
  1.22.11

Node version: 
  14.17.1

Platform: 
  win32 x64

Trace: 
  SyntaxError: C:\Users\Chandramauli\Desktop\techDirective\TechDirective-Website-layout\package.json: Unexpected token } in JSON at position 706
      at JSON.parse (<anonymous>)
      at C:\Users\Chandramauli\AppData\Roaming\npm\node_modules\yarn\lib\cli.js:1625:59
      at Generator.next (<anonymous>)
      at step (C:\Users\Chandramauli\AppData\Roaming\npm\node_modules\yarn\lib\cli.js:310:30)
      at C:\Users\Chandramauli\AppData\Roaming\npm\node_modules\yarn\lib\cli.js:321:13

npm manifest: 
  {
    "name": "tech-directive",
    "version": "0.1.0",
    "private": true,
    "dependencies": {
      "@material-ui/core": "^4.12.3",
      "@material-ui/icons": "^4.11.2",
      "@testing-library/jest-dom": "^5.14.1",
      "@testing-library/react": "^11.2.7",
      "@testing-library/user-event": "^12.8.3",
      "react": "^17.0.2",
      "react-bootstrap": "^1.6.3",
      "react-dom": "^17.0.2",
      "react-foundation": "^0.9.7",
      "react-icon": "^1.0.0",
      "react-icons": "^4.2.0",
      "react-navbar-dropdown": "^1.4.3",
      "react-router-dom": "^5.3.0",
      "react-scripts": "^4.0.3",
      "react-touch-carousel": "^0.10.2",
      "reactstrap": "^8.10.0",
      "sass": "^1.39.0",
      "styled-components": "^5.3.1",
    
    },
    "scripts": {
      "start": "react-scripts start",
      "build": "react-scripts build",
      "test": "react-scripts test",
      "eject": "react-scripts eject"
    },
    "eslintConfig": {
      "extends": [
        "react-app",
        "react-app/jest"
      ]
    },
    "browserslist": {
      "production": [
        ">0.2%",
        "not dead",
        "not op_mini all"
      ],
      "development": [
        "last 1 chrome version",
        "last 1 firefox version",
        "last 1 safari version"
      ]
    }
  }

yarn manifest: 
  No manifest

Lockfile: 
  No lockfile
